<?xml version="1.0" encoding="UTF-8"?>
<testng-results ignored="0" total="1" passed="1" failed="0" skipped="0">
  <reporter-output>
  </reporter-output>
  <suite started-at="2023-03-06T04:43:42 IST" name="Default suite" finished-at="2023-03-06T04:43:55 IST" duration-ms="12171">
    <groups>
    </groups>
    <test started-at="2023-03-06T04:43:42 IST" name="Default test" finished-at="2023-03-06T04:43:55 IST" duration-ms="12171">
      <class name="Tests.UI_scenarios">
        <test-method is-config="true" signature="brosweropen()[pri:0, instance:Tests.UI_scenarios@6e4784bc]" started-at="2023-03-06T04:43:43 IST" name="brosweropen" finished-at="2023-03-06T04:43:51 IST" duration-ms="8324" status="PASS">
          <reporter-output>
          </reporter-output>
        </test-method> <!-- brosweropen -->
        <test-method signature="TestCreative()[pri:0, instance:Tests.UI_scenarios@6e4784bc]" started-at="2023-03-06T04:43:51 IST" name="TestCreative" finished-at="2023-03-06T04:43:54 IST" duration-ms="3022" status="PASS">
          <reporter-output>
          </reporter-output>
        </test-method> <!-- TestCreative -->
        <test-method is-config="true" signature="browserclose()[pri:0, instance:Tests.UI_scenarios@6e4784bc]" started-at="2023-03-06T04:43:54 IST" name="browserclose" finished-at="2023-03-06T04:43:55 IST" duration-ms="754" status="PASS">
          <reporter-output>
          </reporter-output>
        </test-method> <!-- browserclose -->
      </class> <!-- Tests.UI_scenarios -->
    </test> <!-- Default test -->
  </suite> <!-- Default suite -->
</testng-results>
